  16	        2048	     52.63	 23.24%  
  16	        4096	     97.56	 23.58%  
  16	        8192	    205.13	 24.00%  
  16	       16384	    347.83	 24.08%  
  16	       32768	    769.35	 24.29%  
  16	       65536	   1361.70	 24.20%  
  16	      131072	   2354.02	 23.98%  
  16	      262144	   4015.69	 24.21%  
  16	      524288	   5268.17	 24.12%  
  16	     1024000	   6698.77	 24.16%  
  32	        2048	     52.63	 23.68%  
  32	        4096	    111.11	 24.02%  
  32	        8192	    205.13	 23.23%  
  32	       16384	    432.43	 23.61%  
  32	       32768	    840.72	 23.75%  
  32	       65536	   1486.21	 24.08%  
  32	      131072	   2856.35	 24.05%  
  32	      262144	   4727.06	 24.17%  
  32	      524288	   7663.24	 24.09%  
  32	     1024000	  11011.70	 24.14%  
  64	        2048	     54.05	 23.39%  
  64	        4096	    102.48	 23.34%  
  64	        8192	    216.22	 24.02%  
  64	       16384	    410.26	 23.82%  
  64	       32768	    842.80	 24.34%  
  64	       65536	   1586.37	 24.26%  
  64	      131072	   2866.34	 23.92%  
  64	      262144	   5553.90	 24.30%  
  64	      524288	   9378.36	 24.19%  
  64	     1024000	  13109.38	 24.15%  
 128	        2048	     48.78	 24.80%  
 128	        4096	    111.11	 23.95%  
 128	        8192	    258.06	 23.17%  
 128	       16384	    470.59	 24.11%  
 128	       32768	    978.97	 24.29%  
 128	       65536	   1534.08	 24.13%  
 128	      131072	   2623.96	 24.30%  
 128	      262144	   6032.40	 24.24%  
 128	      524288	   8747.46	 24.21%  
 128	     1024000	  13109.38	 24.13%  
